<?xml version="1.0" encoding="UTF-8"?>
<!-- Generated by org.testng.reporters.JUnitReportReporter -->
<testsuite hostname="Gauravs-Macbook-Air.local" failures="0" tests="15" name="AllRequests.APIRequest" time="2.035" errors="0" timestamp="2024-05-06T16:31:17 IST" skipped="14">
  <testcase classname="AllRequests.APIRequest" name="createRepositoryForAuthenticatedUser" time="2.035"/>
  <system-out/>
  <testcase classname="AllRequests.APIRequest" name="deleteFromAnAutolinkReferenceForARepo">
    <skipped/>
  </testcase> <!-- deleteFromAnAutolinkReferenceForARepo -->
  <system-out/>
  <testcase classname="AllRequests.APIRequest" name="getARepo">
    <skipped/>
  </testcase> <!-- getARepo -->
  <system-out/>
  <testcase classname="AllRequests.APIRequest" name="ListPublicRepo">
    <skipped/>
  </testcase> <!-- ListPublicRepo -->
  <system-out/>
  <testcase classname="AllRequests.APIRequest" name="getarepo">
    <skipped/>
  </testcase> <!-- getarepo -->
  <system-out/>
  <testcase classname="AllRequests.APIRequest" name="deleteAFile">
    <skipped/>
  </testcase> <!-- deleteAFile -->
  <system-out/>
  <testcase classname="AllRequests.APIRequest" name="Authentication">
    <skipped/>
  </testcase> <!-- Authentication -->
  <system-out/>
  <testcase classname="AllRequests.APIRequest" name="listRepoForAUser">
    <skipped/>
  </testcase> <!-- listRepoForAUser -->
  <system-out/>
  <testcase classname="AllRequests.APIRequest" name="ListRepoLanguage">
    <skipped/>
  </testcase> <!-- ListRepoLanguage -->
  <system-out/>
  <testcase classname="AllRequests.APIRequest" name="createOrUpdateFileContent">
    <skipped/>
  </testcase> <!-- createOrUpdateFileContent -->
  <system-out/>
  <testcase classname="AllRequests.APIRequest" name="getAllRepoTopic">
    <skipped/>
  </testcase> <!-- getAllRepoTopic -->
  <system-out/>
  <testcase classname="AllRequests.APIRequest" name="deletearepo">
    <skipped/>
  </testcase> <!-- deletearepo -->
  <system-out/>
  <testcase classname="AllRequests.APIRequest" name="getAnAutolinkReferenceForARepo">
    <skipped/>
  </testcase> <!-- getAnAutolinkReferenceForARepo -->
  <system-out/>
  <testcase classname="AllRequests.APIRequest" name="creatAnAutolinkReferenceForRepo">
    <skipped/>
  </testcase> <!-- creatAnAutolinkReferenceForRepo -->
  <system-out/>
  <testcase classname="AllRequests.APIRequest" name="listRepoTag">
    <skipped/>
  </testcase> <!-- listRepoTag -->
  <system-out/>
</testsuite> <!-- AllRequests.APIRequest -->
